%!Adobe-FontList 1.20
%Locale:0x409

%BeginFont
Handler:DirectoryHandler
FontType:TrueType
FontName:GillSans
FamilyName:Gill Sans
StyleName:Regular
MenuName:Gill Sans
StyleBits:0
WeightClass:400
WidthClass:5
AngleClass:0
FullName:Gill Sans
WritingScript:Roman
OutlineFileName:/Users/qiaolihu/Desktop/SAUVAGERIE/TYPOGRAPHIE/Dossier Typographie-utilisée/Document fonts/GillSans.ttc
TTCOffset:60
DataFormat:sfntData
hasSVG:no
VariableFontType:NonVariableFont
FileLength:1251924
FileModTime:556235900
NameArray:0,Mac,4,Gill Sans
%EndFont

%BeginFont
Handler:DirectoryHandler
FontType:TrueType
FontName:GillSans-Bold
FamilyName:Gill Sans
StyleName:Bold
MenuName:Gill Sans
StyleBits:2
WeightClass:700
WidthClass:5
AngleClass:0
FullName:Gill Sans Bold
WritingScript:Roman
OutlineFileName:/Users/qiaolihu/Desktop/SAUVAGERIE/TYPOGRAPHIE/Dossier Typographie-utilisée/Document fonts/GillSans.ttc
TTCOffset:408
DataFormat:sfntData
hasSVG:no
VariableFontType:NonVariableFont
FileLength:1251924
FileModTime:556235900
NameArray:0,Mac,4,Gill Sans Bold
%EndFont

%BeginFont
Handler:DirectoryHandler
FontType:TrueType
FontName:GillSans-Italic
FamilyName:Gill Sans
StyleName:Italic
MenuName:Gill Sans
StyleBits:1
WeightClass:400
WidthClass:5
AngleClass:1
FullName:Gill Sans Italic
WritingScript:Roman
OutlineFileName:/Users/qiaolihu/Desktop/SAUVAGERIE/TYPOGRAPHIE/Dossier Typographie-utilisée/Document fonts/GillSans.ttc
TTCOffset:724
DataFormat:sfntData
hasSVG:no
VariableFontType:NonVariableFont
FileLength:1251924
FileModTime:556235900
NameArray:0,Mac,4,Gill Sans Italic
%EndFont

%BeginFont
Handler:DirectoryHandler
FontType:TrueType
FontName:GillSans-BoldItalic
FamilyName:Gill Sans
StyleName:Bold Italic
MenuName:Gill Sans
StyleBits:3
WeightClass:700
WidthClass:5
AngleClass:1
FullName:Gill Sans Bold Italic
WritingScript:Roman
OutlineFileName:/Users/qiaolihu/Desktop/SAUVAGERIE/TYPOGRAPHIE/Dossier Typographie-utilisée/Document fonts/GillSans.ttc
TTCOffset:1040
DataFormat:sfntData
hasSVG:no
VariableFontType:NonVariableFont
FileLength:1251924
FileModTime:556235900
NameArray:0,Mac,4,Gill Sans Bold Italic
%EndFont

%BeginFont
Handler:DirectoryHandler
FontType:TrueType
FontName:GillSans-SemiBold
FamilyName:Gill Sans
StyleName:SemiBold
MenuName:Gill Sans
StyleBits:0
WeightClass:600
WidthClass:5
AngleClass:0
FullName:Gill Sans SemiBold
FamilyNameNative:
StyleNameNative:SemiBold
FullNameNative:
WritingScript:Cyrillic
OutlineFileName:/Users/qiaolihu/Desktop/SAUVAGERIE/TYPOGRAPHIE/Dossier Typographie-utilisée/Document fonts/GillSans.ttc
TTCOffset:1356
DataFormat:sfntData
hasSVG:no
VariableFontType:NonVariableFont
FileLength:1251924
FileModTime:556235900
NameArray:0,Mac,4,Gill Sans SemiBold
NameArray:0,Win,1,Gill Sans
%EndFont

%BeginFont
Handler:DirectoryHandler
FontType:TrueType
FontName:GillSans-SemiBoldItalic
FamilyName:Gill Sans
StyleName:SemiBold Italic
MenuName:Gill Sans
StyleBits:1
WeightClass:600
WidthClass:5
AngleClass:1
FullName:Gill Sans SemiBold Italic
FamilyNameNative:
StyleNameNative:SemiBold Italic
FullNameNative:
WritingScript:Cyrillic
OutlineFileName:/Users/qiaolihu/Desktop/SAUVAGERIE/TYPOGRAPHIE/Dossier Typographie-utilisée/Document fonts/GillSans.ttc
TTCOffset:1608
DataFormat:sfntData
hasSVG:no
VariableFontType:NonVariableFont
FileLength:1251924
FileModTime:556235900
NameArray:0,Mac,4,Gill Sans SemiBold Italic
NameArray:0,Win,1,Gill Sans
%EndFont

%BeginFont
Handler:DirectoryHandler
FontType:TrueType
FontName:GillSans-UltraBold
FamilyName:Gill Sans
StyleName:UltraBold
MenuName:Gill Sans
StyleBits:0
WeightClass:1000
WidthClass:5
AngleClass:0
FullName:Gill Sans UltraBold
WritingScript:Roman
OutlineFileName:/Users/qiaolihu/Desktop/SAUVAGERIE/TYPOGRAPHIE/Dossier Typographie-utilisée/Document fonts/GillSans.ttc
TTCOffset:1860
DataFormat:sfntData
hasSVG:no
VariableFontType:NonVariableFont
FileLength:1251924
FileModTime:556235900
NameArray:0,Mac,4,Gill Sans UltraBold
NameArray:0,Win,16,Gill Sans
%EndFont

%BeginFont
Handler:DirectoryHandler
FontType:TrueType
FontName:GillSans-Light
FamilyName:Gill Sans
StyleName:Light
MenuName:Gill Sans
StyleBits:0
WeightClass:300
WidthClass:5
AngleClass:0
FullName:Gill Sans Light
WritingScript:Roman
OutlineFileName:/Users/qiaolihu/Desktop/SAUVAGERIE/TYPOGRAPHIE/Dossier Typographie-utilisée/Document fonts/GillSans.ttc
TTCOffset:2144
DataFormat:sfntData
hasSVG:no
VariableFontType:NonVariableFont
FileLength:1251924
FileModTime:556235900
NameArray:0,Mac,4,Gill Sans Light
%EndFont

%BeginFont
Handler:DirectoryHandler
FontType:TrueType
FontName:GillSans-LightItalic
FamilyName:Gill Sans
StyleName:Light Italic
MenuName:Gill Sans
StyleBits:1
WeightClass:300
WidthClass:5
AngleClass:1
FullName:Gill Sans Light Italic
WritingScript:Roman
OutlineFileName:/Users/qiaolihu/Desktop/SAUVAGERIE/TYPOGRAPHIE/Dossier Typographie-utilisée/Document fonts/GillSans.ttc
TTCOffset:2460
DataFormat:sfntData
hasSVG:no
VariableFontType:NonVariableFont
FileLength:1251924
FileModTime:556235900
NameArray:0,Mac,4,Gill Sans Light Italic
%EndFont

